This file contains any messages produced by compilers while
running configure, to aid debugging if configure makes a mistake.

It was created by configure, which was
generated by GNU Autoconf 2.69.  Invocation command line was

  $ ./configure --prefix=/usr

## --------- ##
## Platform. ##
## --------- ##

hostname = misterbzr
uname -m = x86_64
uname -r = 5.4.49
uname -s = Linux
uname -v = #2 SMP Tue Aug 11 13:02:06 CEST 2020

/usr/bin/uname -p = unknown
/bin/uname -X     = unknown

/bin/arch              = unknown
/usr/bin/arch -k       = unknown
/usr/convex/getsysinfo = unknown
/usr/bin/hostinfo      = unknown
/bin/machine           = unknown
/usr/bin/oslevel       = unknown
/bin/universe          = unknown

PATH: /sbin
PATH: /usr/sbin
PATH: /opt/sbin
PATH: /bin
PATH: /usr/bin
PATH: /opt/bin


## ----------- ##
## Core tests. ##
## ----------- ##

configure:2326: checking for a BSD-compatible install
configure:2394: result: /usr/bin/install -c
configure:2405: checking whether build environment is sane
configure:2460: result: yes
configure:2611: checking for a thread-safe mkdir -p
configure:2650: result: /bin/mkdir -p
configure:2657: checking for gawk
configure:2673: found /usr/bin/gawk
configure:2684: result: gawk
configure:2695: checking whether make sets $(MAKE)
configure:2717: result: yes
configure:2746: checking whether make supports nested variables
configure:2763: result: yes
configure:2898: checking for gawk
configure:2925: result: gawk
configure:2984: checking for gcc
configure:3000: found /usr/bin/gcc
configure:3011: result: gcc
configure:3240: checking for C compiler version
configure:3249: gcc --version >&5
gcc (CRUX-x86_64-multilib) 8.4.0
Copyright (C) 2018 Free Software Foundation, Inc.
This is free software; see the source for copying conditions.  There is NO
warranty; not even for MERCHANTABILITY or FITNESS FOR A PARTICULAR PURPOSE.

configure:3260: $? = 0
configure:3249: gcc -v >&5
Using built-in specs.
COLLECT_GCC=gcc
COLLECT_LTO_WRAPPER=/usr/lib/gcc/x86_64-pc-linux-gnu/8.4.0/lto-wrapper
Target: x86_64-pc-linux-gnu
Configured with: ../gcc-8.4.0/configure --prefix=/usr --libexecdir=/usr/lib --enable-languages=c,c++,objc --enable-threads=posix --enable-__cxa_atexit --enable-clocale=gnu --enable-shared --disable-nls --with-x=no --with-system-zlib --enable-multilib --enable-default-pie --enable-default-ssp --with-pkgversion=CRUX-x86_64-multilib
Thread model: posix
gcc version 8.4.0 (CRUX-x86_64-multilib) 
configure:3260: $? = 0
configure:3249: gcc -V >&5
gcc: error: unrecognized command line option '-V'
gcc: fatal error: no input files
compilation terminated.
configure:3260: $? = 1
configure:3249: gcc -qversion >&5
gcc: error: unrecognized command line option '-qversion'; did you mean '--version'?
gcc: fatal error: no input files
compilation terminated.
configure:3260: $? = 1
configure:3280: checking whether the C compiler works
configure:3302: gcc -O2 -march=x86-64 -pipe   conftest.c  >&5
configure:3306: $? = 0
configure:3354: result: yes
configure:3357: checking for C compiler default output file name
configure:3359: result: a.out
configure:3365: checking for suffix of executables
configure:3372: gcc -o conftest -O2 -march=x86-64 -pipe   conftest.c  >&5
configure:3376: $? = 0
configure:3398: result: 
configure:3420: checking whether we are cross compiling
configure:3428: gcc -o conftest -O2 -march=x86-64 -pipe   conftest.c  >&5
configure:3432: $? = 0
configure:3439: ./conftest
configure:3443: $? = 0
configure:3458: result: no
configure:3463: checking for suffix of object files
configure:3485: gcc -c -O2 -march=x86-64 -pipe  conftest.c >&5
configure:3489: $? = 0
configure:3510: result: o
configure:3514: checking whether we are using the GNU C compiler
configure:3533: gcc -c -O2 -march=x86-64 -pipe  conftest.c >&5
configure:3533: $? = 0
configure:3542: result: yes
configure:3551: checking whether gcc accepts -g
configure:3571: gcc -c -g  conftest.c >&5
configure:3571: $? = 0
configure:3612: result: yes
configure:3629: checking for gcc option to accept ISO C89
configure:3692: gcc  -c -O2 -march=x86-64 -pipe  conftest.c >&5
configure:3692: $? = 0
configure:3705: result: none needed
configure:3730: checking whether gcc understands -c and -o together
configure:3752: gcc -c conftest.c -o conftest2.o
configure:3755: $? = 0
configure:3752: gcc -c conftest.c -o conftest2.o
configure:3755: $? = 0
configure:3767: result: yes
configure:3787: checking whether make supports the include directive
configure:3802: make -f confmf.GNU && cat confinc.out
this is the am__doit target
configure:3805: $? = 0
configure:3824: result: yes (GNU style)
configure:3849: checking dependency style of gcc
configure:3960: result: gcc3
configure:3980: checking how to run the C preprocessor
configure:4011: gcc -E  conftest.c
configure:4011: $? = 0
configure:4025: gcc -E  conftest.c
conftest.c:11:10: fatal error: ac_nonexistent.h: No such file or directory
 #include <ac_nonexistent.h>
          ^~~~~~~~~~~~~~~~~~
compilation terminated.
configure:4025: $? = 1
configure: failed program was:
| /* confdefs.h */
| #define PACKAGE_NAME ""
| #define PACKAGE_TARNAME ""
| #define PACKAGE_VERSION ""
| #define PACKAGE_STRING ""
| #define PACKAGE_BUGREPORT ""
| #define PACKAGE_URL ""
| #define PACKAGE "liblrdf"
| #define VERSION "0.5.0"
| /* end confdefs.h.  */
| #include <ac_nonexistent.h>
configure:4050: result: gcc -E
configure:4070: gcc -E  conftest.c
configure:4070: $? = 0
configure:4084: gcc -E  conftest.c
conftest.c:11:10: fatal error: ac_nonexistent.h: No such file or directory
 #include <ac_nonexistent.h>
          ^~~~~~~~~~~~~~~~~~
compilation terminated.
configure:4084: $? = 1
configure: failed program was:
| /* confdefs.h */
| #define PACKAGE_NAME ""
| #define PACKAGE_TARNAME ""
| #define PACKAGE_VERSION ""
| #define PACKAGE_STRING ""
| #define PACKAGE_BUGREPORT ""
| #define PACKAGE_URL ""
| #define PACKAGE "liblrdf"
| #define VERSION "0.5.0"
| /* end confdefs.h.  */
| #include <ac_nonexistent.h>
configure:4113: checking whether ln -s works
configure:4117: result: yes
configure:4124: checking whether make sets $(MAKE)
configure:4146: result: yes
configure:4184: checking build system type
configure:4198: result: x86_64-pc-linux-gnu
configure:4218: checking host system type
configure:4231: result: x86_64-pc-linux-gnu
configure:4272: checking how to print strings
configure:4299: result: printf
configure:4320: checking for a sed that does not truncate output
configure:4384: result: /bin/sed
configure:4402: checking for grep that handles long lines and -e
configure:4460: result: /usr/bin/grep
configure:4465: checking for egrep
configure:4527: result: /usr/bin/grep -E
configure:4532: checking for fgrep
configure:4594: result: /usr/bin/grep -F
configure:4629: checking for ld used by gcc
configure:4696: result: /usr/bin/ld
configure:4703: checking if the linker (/usr/bin/ld) is GNU ld
configure:4718: result: yes
configure:4730: checking for BSD- or MS-compatible name lister (nm)
configure:4784: result: /usr/bin/nm -B
configure:4914: checking the name lister (/usr/bin/nm -B) interface
configure:4921: gcc -c -O2 -march=x86-64 -pipe  conftest.c >&5
configure:4924: /usr/bin/nm -B "conftest.o"
configure:4927: output
0000000000000000 B some_variable
configure:4934: result: BSD nm
configure:4938: checking the maximum length of command line arguments
configure:5069: result: 1572864
configure:5117: checking how to convert x86_64-pc-linux-gnu file names to x86_64-pc-linux-gnu format
configure:5157: result: func_convert_file_noop
configure:5164: checking how to convert x86_64-pc-linux-gnu file names to toolchain format
configure:5184: result: func_convert_file_noop
configure:5191: checking for /usr/bin/ld option to reload object files
configure:5198: result: -r
configure:5272: checking for objdump
configure:5288: found /usr/bin/objdump
configure:5299: result: objdump
configure:5331: checking how to recognize dependent libraries
configure:5531: result: pass_all
configure:5616: checking for dlltool
configure:5646: result: no
configure:5676: checking how to associate runtime and link libraries
configure:5703: result: printf %s\n
configure:5764: checking for ar
configure:5780: found /usr/bin/ar
configure:5791: result: ar
configure:5828: checking for archiver @FILE support
configure:5845: gcc -c -O2 -march=x86-64 -pipe  conftest.c >&5
configure:5845: $? = 0
configure:5848: ar cru libconftest.a @conftest.lst >&5
configure:5851: $? = 0
configure:5856: ar cru libconftest.a @conftest.lst >&5
ar: conftest.o: No such file or directory
configure:5859: $? = 1
configure:5871: result: @
configure:5929: checking for strip
configure:5945: found /usr/bin/strip
configure:5956: result: strip
configure:6028: checking for ranlib
configure:6044: found /usr/bin/ranlib
configure:6055: result: ranlib
configure:6157: checking command to parse /usr/bin/nm -B output from gcc object
configure:6310: gcc -c -O2 -march=x86-64 -pipe  conftest.c >&5
configure:6313: $? = 0
configure:6317: /usr/bin/nm -B conftest.o \| sed -n -e 's/^.*[ ]\([ABCDGIRSTW][ABCDGIRSTW]*\)[ ][ ]*\([_A-Za-z][_A-Za-z0-9]*\)$/  /p' | sed '/ __gnu_lto/d' \> conftest.nm
configure:6320: $? = 0
configure:6386: gcc -o conftest -O2 -march=x86-64 -pipe   conftest.c conftstm.o >&5
configure:6389: $? = 0
configure:6427: result: ok
configure:6474: checking for sysroot
configure:6504: result: no
configure:6511: checking for a working dd
configure:6549: result: /bin/dd
configure:6553: checking how to truncate binary pipes
configure:6568: result: /bin/dd bs=4096 count=1
configure:6704: gcc -c -O2 -march=x86-64 -pipe  conftest.c >&5
configure:6707: $? = 0
configure:6897: checking for mt
configure:6927: result: no
configure:6947: checking if : is a manifest tool
configure:6953: : '-?'
configure:6961: result: no
configure:7634: checking for ANSI C header files
configure:7654: gcc -c -O2 -march=x86-64 -pipe  conftest.c >&5
configure:7654: $? = 0
configure:7727: gcc -o conftest -O2 -march=x86-64 -pipe   conftest.c  >&5
configure:7727: $? = 0
configure:7727: ./conftest
configure:7727: $? = 0
configure:7738: result: yes
configure:7751: checking for sys/types.h
configure:7751: gcc -c -O2 -march=x86-64 -pipe  conftest.c >&5
configure:7751: $? = 0
configure:7751: result: yes
configure:7751: checking for sys/stat.h
configure:7751: gcc -c -O2 -march=x86-64 -pipe  conftest.c >&5
configure:7751: $? = 0
configure:7751: result: yes
configure:7751: checking for stdlib.h
configure:7751: gcc -c -O2 -march=x86-64 -pipe  conftest.c >&5
configure:7751: $? = 0
configure:7751: result: yes
configure:7751: checking for string.h
configure:7751: gcc -c -O2 -march=x86-64 -pipe  conftest.c >&5
configure:7751: $? = 0
configure:7751: result: yes
configure:7751: checking for memory.h
configure:7751: gcc -c -O2 -march=x86-64 -pipe  conftest.c >&5
configure:7751: $? = 0
configure:7751: result: yes
configure:7751: checking for strings.h
configure:7751: gcc -c -O2 -march=x86-64 -pipe  conftest.c >&5
configure:7751: $? = 0
configure:7751: result: yes
configure:7751: checking for inttypes.h
configure:7751: gcc -c -O2 -march=x86-64 -pipe  conftest.c >&5
configure:7751: $? = 0
configure:7751: result: yes
configure:7751: checking for stdint.h
configure:7751: gcc -c -O2 -march=x86-64 -pipe  conftest.c >&5
configure:7751: $? = 0
configure:7751: result: yes
configure:7751: checking for unistd.h
configure:7751: gcc -c -O2 -march=x86-64 -pipe  conftest.c >&5
configure:7751: $? = 0
configure:7751: result: yes
configure:7765: checking for dlfcn.h
configure:7765: gcc -c -O2 -march=x86-64 -pipe  conftest.c >&5
configure:7765: $? = 0
configure:7765: result: yes
configure:8021: checking for objdir
configure:8036: result: .libs
configure:8300: checking if gcc supports -fno-rtti -fno-exceptions
configure:8318: gcc -c -O2 -march=x86-64 -pipe  -fno-rtti -fno-exceptions conftest.c >&5
cc1: warning: command line option '-fno-rtti' is valid for C++/ObjC++ but not for C
configure:8322: $? = 0
configure:8335: result: no
configure:8693: checking for gcc option to produce PIC
configure:8700: result: -fPIC -DPIC
configure:8708: checking if gcc PIC flag -fPIC -DPIC works
configure:8726: gcc -c -O2 -march=x86-64 -pipe  -fPIC -DPIC -DPIC conftest.c >&5
configure:8730: $? = 0
configure:8743: result: yes
configure:8772: checking if gcc static flag -static works
configure:8800: result: yes
configure:8815: checking if gcc supports -c -o file.o
configure:8836: gcc -c -O2 -march=x86-64 -pipe  -o out/conftest2.o conftest.c >&5
configure:8840: $? = 0
configure:8862: result: yes
configure:8870: checking if gcc supports -c -o file.o
configure:8917: result: yes
configure:8950: checking whether the gcc linker (/usr/bin/ld -m elf_x86_64) supports shared libraries
configure:10209: result: yes
configure:10246: checking whether -lc should be explicitly linked in
configure:10254: gcc -c -O2 -march=x86-64 -pipe  conftest.c >&5
configure:10257: $? = 0
configure:10272: gcc -shared  -fPIC -DPIC conftest.o  -v -Wl,-soname -Wl,conftest -o conftest 2\>\&1 \| /usr/bin/grep  -lc  \>/dev/null 2\>\&1
configure:10275: $? = 0
configure:10289: result: no
configure:10449: checking dynamic linker characteristics
configure:11030: gcc -o conftest -O2 -march=x86-64 -pipe   -Wl,-rpath -Wl,/foo conftest.c  >&5
configure:11030: $? = 0
configure:11267: result: GNU/Linux ld.so
configure:11389: checking how to hardcode library paths into programs
configure:11414: result: immediate
configure:11962: checking whether stripping libraries is possible
configure:11967: result: yes
configure:12002: checking if libtool supports shared libraries
configure:12004: result: yes
configure:12007: checking whether to build shared libraries
configure:12032: result: yes
configure:12035: checking whether to build static libraries
configure:12039: result: yes
configure:12078: checking for ANSI C header files
configure:12182: result: yes
configure:12193: checking errno.h usability
configure:12193: gcc -c -O2 -march=x86-64 -pipe  conftest.c >&5
configure:12193: $? = 0
configure:12193: result: yes
configure:12193: checking errno.h presence
configure:12193: gcc -E  conftest.c
configure:12193: $? = 0
configure:12193: result: yes
configure:12193: checking for errno.h
configure:12193: result: yes
configure:12193: checking limits.h usability
configure:12193: gcc -c -O2 -march=x86-64 -pipe  conftest.c >&5
configure:12193: $? = 0
configure:12193: result: yes
configure:12193: checking limits.h presence
configure:12193: gcc -E  conftest.c
configure:12193: $? = 0
configure:12193: result: yes
configure:12193: checking for limits.h
configure:12193: result: yes
configure:12193: checking for stdlib.h
configure:12193: result: yes
configure:12193: checking for string.h
configure:12193: result: yes
configure:12193: checking for unistd.h
configure:12193: result: yes
configure:12258: checking for pkg-config
configure:12276: found /usr/bin/pkg-config
configure:12288: result: /usr/bin/pkg-config
configure:12313: checking pkg-config is at least version 0.9.0
configure:12316: result: yes
configure:12326: checking for raptor2 >= 2.0.0
configure:12333: $PKG_CONFIG --exists --print-errors "raptor2 >= 2.0.0"
configure:12336: $? = 0
configure:12350: $PKG_CONFIG --exists --print-errors "raptor2 >= 2.0.0"
configure:12353: $? = 0
configure:12411: result: yes
configure:12417: checking for an ANSI C-conforming const
configure:12483: gcc -c -O2 -march=x86-64 -pipe  conftest.c >&5
configure:12483: $? = 0
configure:12490: result: yes
configure:12498: checking for inline
configure:12514: gcc -c -O2 -march=x86-64 -pipe  conftest.c >&5
configure:12514: $? = 0
configure:12522: result: inline
configure:12540: checking for size_t
configure:12540: gcc -c -O2 -march=x86-64 -pipe  conftest.c >&5
configure:12540: $? = 0
configure:12540: gcc -c -O2 -march=x86-64 -pipe  conftest.c >&5
conftest.c: In function 'main':
conftest.c:65:21: error: expected expression before ')' token
 if (sizeof ((size_t)))
                     ^
configure:12540: $? = 1
configure: failed program was:
| /* confdefs.h */
| #define PACKAGE_NAME ""
| #define PACKAGE_TARNAME ""
| #define PACKAGE_VERSION ""
| #define PACKAGE_STRING ""
| #define PACKAGE_BUGREPORT ""
| #define PACKAGE_URL ""
| #define PACKAGE "liblrdf"
| #define VERSION "0.5.0"
| #define STDC_HEADERS 1
| #define HAVE_SYS_TYPES_H 1
| #define HAVE_SYS_STAT_H 1
| #define HAVE_STDLIB_H 1
| #define HAVE_STRING_H 1
| #define HAVE_MEMORY_H 1
| #define HAVE_STRINGS_H 1
| #define HAVE_INTTYPES_H 1
| #define HAVE_STDINT_H 1
| #define HAVE_UNISTD_H 1
| #define HAVE_DLFCN_H 1
| #define LT_OBJDIR ".libs/"
| #define STDC_HEADERS 1
| #define HAVE_ERRNO_H 1
| #define HAVE_LIMITS_H 1
| #define HAVE_STDLIB_H 1
| #define HAVE_STRING_H 1
| #define HAVE_UNISTD_H 1
| /* end confdefs.h.  */
| #include <stdio.h>
| #ifdef HAVE_SYS_TYPES_H
| # include <sys/types.h>
| #endif
| #ifdef HAVE_SYS_STAT_H
| # include <sys/stat.h>
| #endif
| #ifdef STDC_HEADERS
| # include <stdlib.h>
| # include <stddef.h>
| #else
| # ifdef HAVE_STDLIB_H
| #  include <stdlib.h>
| # endif
| #endif
| #ifdef HAVE_STRING_H
| # if !defined STDC_HEADERS && defined HAVE_MEMORY_H
| #  include <memory.h>
| # endif
| # include <string.h>
| #endif
| #ifdef HAVE_STRINGS_H
| # include <strings.h>
| #endif
| #ifdef HAVE_INTTYPES_H
| # include <inttypes.h>
| #endif
| #ifdef HAVE_STDINT_H
| # include <stdint.h>
| #endif
| #ifdef HAVE_UNISTD_H
| # include <unistd.h>
| #endif
| int
| main ()
| {
| if (sizeof ((size_t)))
| 	    return 0;
|   ;
|   return 0;
| }
configure:12540: result: yes
configure:12555: checking for vprintf
configure:12555: gcc -o conftest -O2 -march=x86-64 -pipe   conftest.c  >&5
conftest.c:52:6: warning: conflicting types for built-in function 'vprintf' [-Wbuiltin-declaration-mismatch]
 char vprintf ();
      ^~~~~~~
configure:12555: $? = 0
configure:12555: result: yes
configure:12561: checking for _doprnt
configure:12561: gcc -o conftest -O2 -march=x86-64 -pipe   conftest.c  >&5
/usr/bin/ld: /tmp/cc5fZot0.o: in function `main':
conftest.c:(.text.startup+0x7): undefined reference to `_doprnt'
collect2: error: ld returned 1 exit status
configure:12561: $? = 1
configure: failed program was:
| /* confdefs.h */
| #define PACKAGE_NAME ""
| #define PACKAGE_TARNAME ""
| #define PACKAGE_VERSION ""
| #define PACKAGE_STRING ""
| #define PACKAGE_BUGREPORT ""
| #define PACKAGE_URL ""
| #define PACKAGE "liblrdf"
| #define VERSION "0.5.0"
| #define STDC_HEADERS 1
| #define HAVE_SYS_TYPES_H 1
| #define HAVE_SYS_STAT_H 1
| #define HAVE_STDLIB_H 1
| #define HAVE_STRING_H 1
| #define HAVE_MEMORY_H 1
| #define HAVE_STRINGS_H 1
| #define HAVE_INTTYPES_H 1
| #define HAVE_STDINT_H 1
| #define HAVE_UNISTD_H 1
| #define HAVE_DLFCN_H 1
| #define LT_OBJDIR ".libs/"
| #define STDC_HEADERS 1
| #define HAVE_ERRNO_H 1
| #define HAVE_LIMITS_H 1
| #define HAVE_STDLIB_H 1
| #define HAVE_STRING_H 1
| #define HAVE_UNISTD_H 1
| #define HAVE_VPRINTF 1
| /* end confdefs.h.  */
| /* Define _doprnt to an innocuous variant, in case <limits.h> declares _doprnt.
|    For example, HP-UX 11i <limits.h> declares gettimeofday.  */
| #define _doprnt innocuous__doprnt
| 
| /* System header to define __stub macros and hopefully few prototypes,
|     which can conflict with char _doprnt (); below.
|     Prefer <limits.h> to <assert.h> if __STDC__ is defined, since
|     <limits.h> exists even on freestanding compilers.  */
| 
| #ifdef __STDC__
| # include <limits.h>
| #else
| # include <assert.h>
| #endif
| 
| #undef _doprnt
| 
| /* Override any GCC internal prototype to avoid an error.
|    Use char because int might match the return type of a GCC
|    builtin and then its argument prototype would still apply.  */
| #ifdef __cplusplus
| extern "C"
| #endif
| char _doprnt ();
| /* The GNU C library defines this for functions which it implements
|     to always fail with ENOSYS.  Some functions are actually named
|     something starting with __ and the normal name is an alias.  */
| #if defined __stub__doprnt || defined __stub____doprnt
| choke me
| #endif
| 
| int
| main ()
| {
| return _doprnt ();
|   ;
|   return 0;
| }
configure:12561: result: no
configure:12575: checking for getcwd
configure:12575: gcc -o conftest -O2 -march=x86-64 -pipe   conftest.c  >&5
configure:12575: $? = 0
configure:12575: result: yes
configure:12575: checking for strcasecmp
configure:12575: gcc -o conftest -O2 -march=x86-64 -pipe   conftest.c  >&5
conftest.c:54:6: warning: conflicting types for built-in function 'strcasecmp' [-Wbuiltin-declaration-mismatch]
 char strcasecmp ();
      ^~~~~~~~~~
configure:12575: $? = 0
configure:12575: result: yes
configure:12575: checking for strchr
configure:12575: gcc -o conftest -O2 -march=x86-64 -pipe   conftest.c  >&5
conftest.c:55:6: warning: conflicting types for built-in function 'strchr' [-Wbuiltin-declaration-mismatch]
 char strchr ();
      ^~~~~~
configure:12575: $? = 0
configure:12575: result: yes
configure:12575: checking for strdup
configure:12575: gcc -o conftest -O2 -march=x86-64 -pipe   conftest.c  >&5
conftest.c:56:6: warning: conflicting types for built-in function 'strdup' [-Wbuiltin-declaration-mismatch]
 char strdup ();
      ^~~~~~
configure:12575: $? = 0
configure:12575: result: yes
configure:12575: checking for strerror
configure:12575: gcc -o conftest -O2 -march=x86-64 -pipe   conftest.c  >&5
configure:12575: $? = 0
configure:12575: result: yes
configure:12575: checking for strncasecmp
configure:12575: gcc -o conftest -O2 -march=x86-64 -pipe   conftest.c  >&5
conftest.c:58:6: warning: conflicting types for built-in function 'strncasecmp' [-Wbuiltin-declaration-mismatch]
 char strncasecmp ();
      ^~~~~~~~~~~
configure:12575: $? = 0
configure:12575: result: yes
configure:12575: checking for strrchr
configure:12575: gcc -o conftest -O2 -march=x86-64 -pipe   conftest.c  >&5
conftest.c:59:6: warning: conflicting types for built-in function 'strrchr' [-Wbuiltin-declaration-mismatch]
 char strrchr ();
      ^~~~~~~
configure:12575: $? = 0
configure:12575: result: yes
configure:12702: checking that generated files are newer than configure
configure:12708: result: done
configure:12731: creating ./config.status

## ---------------------- ##
## Running config.status. ##
## ---------------------- ##

This file was extended by config.status, which was
generated by GNU Autoconf 2.69.  Invocation command line was

  CONFIG_FILES    = 
  CONFIG_HEADERS  = 
  CONFIG_LINKS    = 
  CONFIG_COMMANDS = 
  $ ./config.status 

on misterbzr

config.status:1107: creating lrdf.pc
config.status:1107: creating Makefile
config.status:1107: creating src/Makefile
config.status:1107: creating examples/Makefile
config.status:1107: creating config.h
config.status:1336: executing depfiles commands
config.status:1411: cd src       && sed -e '/# am--include-marker/d' Makefile         | make -f - am--depfiles
config.status:1418: $? = 0
config.status:1411: cd examples       && sed -e '/# am--include-marker/d' Makefile         | make -f - am--depfiles
config.status:1418: $? = 0
config.status:1336: executing libtool commands

## ---------------- ##
## Cache variables. ##
## ---------------- ##

ac_cv_build='x86_64-pc-linux-gnu'
ac_cv_c_compiler_gnu='yes'
ac_cv_c_const='yes'
ac_cv_c_inline='inline'
ac_cv_env_CC_set=''
ac_cv_env_CC_value=''
ac_cv_env_CFLAGS_set='set'
ac_cv_env_CFLAGS_value='-O2 -march=x86-64 -pipe'
ac_cv_env_CPPFLAGS_set=''
ac_cv_env_CPPFLAGS_value=''
ac_cv_env_CPP_set=''
ac_cv_env_CPP_value=''
ac_cv_env_LDFLAGS_set=''
ac_cv_env_LDFLAGS_value=''
ac_cv_env_LIBS_set=''
ac_cv_env_LIBS_value=''
ac_cv_env_LT_SYS_LIBRARY_PATH_set=''
ac_cv_env_LT_SYS_LIBRARY_PATH_value=''
ac_cv_env_PKG_CONFIG_LIBDIR_set=''
ac_cv_env_PKG_CONFIG_LIBDIR_value=''
ac_cv_env_PKG_CONFIG_PATH_set=''
ac_cv_env_PKG_CONFIG_PATH_value=''
ac_cv_env_PKG_CONFIG_set=''
ac_cv_env_PKG_CONFIG_value=''
ac_cv_env_RAPTOR_CFLAGS_set=''
ac_cv_env_RAPTOR_CFLAGS_value=''
ac_cv_env_RAPTOR_LIBS_set=''
ac_cv_env_RAPTOR_LIBS_value=''
ac_cv_env_build_alias_set=''
ac_cv_env_build_alias_value=''
ac_cv_env_host_alias_set=''
ac_cv_env_host_alias_value=''
ac_cv_env_target_alias_set=''
ac_cv_env_target_alias_value=''
ac_cv_func__doprnt='no'
ac_cv_func_getcwd='yes'
ac_cv_func_strcasecmp='yes'
ac_cv_func_strchr='yes'
ac_cv_func_strdup='yes'
ac_cv_func_strerror='yes'
ac_cv_func_strncasecmp='yes'
ac_cv_func_strrchr='yes'
ac_cv_func_vprintf='yes'
ac_cv_header_dlfcn_h='yes'
ac_cv_header_errno_h='yes'
ac_cv_header_inttypes_h='yes'
ac_cv_header_limits_h='yes'
ac_cv_header_memory_h='yes'
ac_cv_header_stdc='yes'
ac_cv_header_stdint_h='yes'
ac_cv_header_stdlib_h='yes'
ac_cv_header_string_h='yes'
ac_cv_header_strings_h='yes'
ac_cv_header_sys_stat_h='yes'
ac_cv_header_sys_types_h='yes'
ac_cv_header_unistd_h='yes'
ac_cv_host='x86_64-pc-linux-gnu'
ac_cv_objext='o'
ac_cv_path_EGREP='/usr/bin/grep -E'
ac_cv_path_FGREP='/usr/bin/grep -F'
ac_cv_path_GREP='/usr/bin/grep'
ac_cv_path_SED='/bin/sed'
ac_cv_path_ac_pt_PKG_CONFIG='/usr/bin/pkg-config'
ac_cv_path_install='/usr/bin/install -c'
ac_cv_path_lt_DD='/bin/dd'
ac_cv_path_mkdir='/bin/mkdir'
ac_cv_prog_AWK='gawk'
ac_cv_prog_CPP='gcc -E'
ac_cv_prog_ac_ct_AR='ar'
ac_cv_prog_ac_ct_CC='gcc'
ac_cv_prog_ac_ct_OBJDUMP='objdump'
ac_cv_prog_ac_ct_RANLIB='ranlib'
ac_cv_prog_ac_ct_STRIP='strip'
ac_cv_prog_cc_c89=''
ac_cv_prog_cc_g='yes'
ac_cv_prog_make_make_set='yes'
ac_cv_type_size_t='yes'
am_cv_CC_dependencies_compiler_type='gcc3'
am_cv_make_support_nested_variables='yes'
am_cv_prog_cc_c_o='yes'
lt_cv_ar_at_file='@'
lt_cv_archive_cmds_need_lc='no'
lt_cv_deplibs_check_method='pass_all'
lt_cv_file_magic_cmd='$MAGIC_CMD'
lt_cv_file_magic_test_file=''
lt_cv_ld_reload_flag='-r'
lt_cv_nm_interface='BSD nm'
lt_cv_objdir='.libs'
lt_cv_path_LD='/usr/bin/ld'
lt_cv_path_NM='/usr/bin/nm -B'
lt_cv_path_mainfest_tool='no'
lt_cv_prog_compiler_c_o='yes'
lt_cv_prog_compiler_pic='-fPIC -DPIC'
lt_cv_prog_compiler_pic_works='yes'
lt_cv_prog_compiler_rtti_exceptions='no'
lt_cv_prog_compiler_static_works='yes'
lt_cv_prog_gnu_ld='yes'
lt_cv_sharedlib_from_linklib_cmd='printf %s\n'
lt_cv_shlibpath_overrides_runpath='no'
lt_cv_sys_global_symbol_pipe='sed -n -e '"'"'s/^.*[	 ]\([ABCDGIRSTW][ABCDGIRSTW]*\)[	 ][	 ]*\([_A-Za-z][_A-Za-z0-9]*\)$/\1 \2 \2/p'"'"' | sed '"'"'/ __gnu_lto/d'"'"
lt_cv_sys_global_symbol_to_c_name_address='sed -n -e '"'"'s/^: \(.*\) .*$/  {"\1", (void *) 0},/p'"'"' -e '"'"'s/^[ABCDGIRSTW][ABCDGIRSTW]* .* \(.*\)$/  {"\1", (void *) \&\1},/p'"'"
lt_cv_sys_global_symbol_to_c_name_address_lib_prefix='sed -n -e '"'"'s/^: \(.*\) .*$/  {"\1", (void *) 0},/p'"'"' -e '"'"'s/^[ABCDGIRSTW][ABCDGIRSTW]* .* \(lib.*\)$/  {"\1", (void *) \&\1},/p'"'"' -e '"'"'s/^[ABCDGIRSTW][ABCDGIRSTW]* .* \(.*\)$/  {"lib\1", (void *) \&\1},/p'"'"
lt_cv_sys_global_symbol_to_cdecl='sed -n -e '"'"'s/^T .* \(.*\)$/extern int \1();/p'"'"' -e '"'"'s/^[ABCDGIRSTW][ABCDGIRSTW]* .* \(.*\)$/extern char \1;/p'"'"
lt_cv_sys_global_symbol_to_import=''
lt_cv_sys_max_cmd_len='1572864'
lt_cv_to_host_file_cmd='func_convert_file_noop'
lt_cv_to_tool_file_cmd='func_convert_file_noop'
lt_cv_truncate_bin='/bin/dd bs=4096 count=1'
pkg_cv_RAPTOR_CFLAGS='-I/usr/include/raptor2'
pkg_cv_RAPTOR_LIBS='-lraptor2'

## ----------------- ##
## Output variables. ##
## ----------------- ##

ACLOCAL='${SHELL} /usr/src/TestCruxRepo/liblrdf/work/src/LRDF-0.6.1/missing aclocal-1.16'
AMDEPBACKSLASH='\'
AMDEP_FALSE='#'
AMDEP_TRUE=''
AMTAR='$${TAR-tar}'
AM_BACKSLASH='\'
AM_CFLAGS='-O2 -march=x86-64 -pipe -I/usr/include/raptor2'
AM_DEFAULT_V='$(AM_DEFAULT_VERBOSITY)'
AM_DEFAULT_VERBOSITY='1'
AM_V='$(V)'
AR='ar'
AUTOCONF='${SHELL} /usr/src/TestCruxRepo/liblrdf/work/src/LRDF-0.6.1/missing autoconf'
AUTOHEADER='${SHELL} /usr/src/TestCruxRepo/liblrdf/work/src/LRDF-0.6.1/missing autoheader'
AUTOMAKE='${SHELL} /usr/src/TestCruxRepo/liblrdf/work/src/LRDF-0.6.1/missing automake-1.16'
AWK='gawk'
CC='gcc'
CCDEPMODE='depmode=gcc3'
CFLAGS='-O2 -march=x86-64 -pipe'
CPP='gcc -E'
CPPFLAGS=''
CYGPATH_W='echo'
DEFS='-DHAVE_CONFIG_H'
DEPDIR='.deps'
DLLTOOL='false'
DSYMUTIL=''
DUMPBIN=''
ECHO_C=''
ECHO_N='-n'
ECHO_T=''
EGREP='/usr/bin/grep -E'
EXEEXT=''
FGREP='/usr/bin/grep -F'
GREP='/usr/bin/grep'
INSTALL_DATA='${INSTALL} -m 644'
INSTALL_PROGRAM='${INSTALL}'
INSTALL_SCRIPT='${INSTALL}'
INSTALL_STRIP_PROGRAM='$(install_sh) -c -s'
LD='/usr/bin/ld -m elf_x86_64'
LDFLAGS=''
LIBOBJS=''
LIBS=' -lraptor2'
LIBTOOL='$(SHELL) $(top_builddir)/libtool'
LIPO=''
LN_S='ln -s'
LRDF_LIBTOOL_VERSION='2:0:0'
LTLIBOBJS=''
LT_SYS_LIBRARY_PATH=''
MAKEINFO='${SHELL} /usr/src/TestCruxRepo/liblrdf/work/src/LRDF-0.6.1/missing makeinfo'
MANIFEST_TOOL=':'
MKDIR_P='/bin/mkdir -p'
NM='/usr/bin/nm -B'
NMEDIT=''
OBJDUMP='objdump'
OBJEXT='o'
OTOOL64=''
OTOOL=''
PACKAGE='liblrdf'
PACKAGE_BUGREPORT=''
PACKAGE_NAME=''
PACKAGE_STRING=''
PACKAGE_TARNAME=''
PACKAGE_URL=''
PACKAGE_VERSION=''
PATH_SEPARATOR=':'
PKG_CONFIG='/usr/bin/pkg-config'
PKG_CONFIG_LIBDIR=''
PKG_CONFIG_PATH=''
RANLIB='ranlib'
RAPTOR_CFLAGS='-I/usr/include/raptor2'
RAPTOR_LIBS='-lraptor2'
SED='/bin/sed'
SET_MAKE=''
SHELL='/bin/sh'
STRIP='strip'
VERSION='0.5.0'
ac_ct_AR='ar'
ac_ct_CC='gcc'
ac_ct_DUMPBIN=''
am__EXEEXT_FALSE=''
am__EXEEXT_TRUE='#'
am__fastdepCC_FALSE='#'
am__fastdepCC_TRUE=''
am__include='include'
am__isrc=''
am__leading_dot='.'
am__nodep='_no'
am__quote=''
am__tar='$${TAR-tar} chof - "$$tardir"'
am__untar='$${TAR-tar} xf -'
bindir='${exec_prefix}/bin'
build='x86_64-pc-linux-gnu'
build_alias=''
build_cpu='x86_64'
build_os='linux-gnu'
build_vendor='pc'
datadir='${datarootdir}'
datarootdir='${prefix}/share'
docdir='${datarootdir}/doc/${PACKAGE}'
dvidir='${docdir}'
exec_prefix='${prefix}'
host='x86_64-pc-linux-gnu'
host_alias=''
host_cpu='x86_64'
host_os='linux-gnu'
host_vendor='pc'
htmldir='${docdir}'
includedir='${prefix}/include'
infodir='${datarootdir}/info'
install_sh='${SHELL} /usr/src/TestCruxRepo/liblrdf/work/src/LRDF-0.6.1/install-sh'
libdir='${exec_prefix}/lib'
libexecdir='${exec_prefix}/libexec'
localedir='${datarootdir}/locale'
localstatedir='${prefix}/var'
mandir='${datarootdir}/man'
mkdir_p='$(MKDIR_P)'
oldincludedir='/usr/include'
pdfdir='${docdir}'
prefix='/usr'
program_transform_name='s,x,x,'
psdir='${docdir}'
sbindir='${exec_prefix}/sbin'
sharedstatedir='${prefix}/com'
sysconfdir='${prefix}/etc'
target_alias=''

## ----------- ##
## confdefs.h. ##
## ----------- ##

/* confdefs.h */
#define PACKAGE_NAME ""
#define PACKAGE_TARNAME ""
#define PACKAGE_VERSION ""
#define PACKAGE_STRING ""
#define PACKAGE_BUGREPORT ""
#define PACKAGE_URL ""
#define PACKAGE "liblrdf"
#define VERSION "0.5.0"
#define STDC_HEADERS 1
#define HAVE_SYS_TYPES_H 1
#define HAVE_SYS_STAT_H 1
#define HAVE_STDLIB_H 1
#define HAVE_STRING_H 1
#define HAVE_MEMORY_H 1
#define HAVE_STRINGS_H 1
#define HAVE_INTTYPES_H 1
#define HAVE_STDINT_H 1
#define HAVE_UNISTD_H 1
#define HAVE_DLFCN_H 1
#define LT_OBJDIR ".libs/"
#define STDC_HEADERS 1
#define HAVE_ERRNO_H 1
#define HAVE_LIMITS_H 1
#define HAVE_STDLIB_H 1
#define HAVE_STRING_H 1
#define HAVE_UNISTD_H 1
#define HAVE_VPRINTF 1
#define HAVE_GETCWD 1
#define HAVE_STRCASECMP 1
#define HAVE_STRCHR 1
#define HAVE_STRDUP 1
#define HAVE_STRERROR 1
#define HAVE_STRNCASECMP 1
#define HAVE_STRRCHR 1

configure: exit 0
